c:\users\jakub\source\repos\jakub_lemiesiewicz_3d_lab\lab\object-oriented_programming\debug\vc142.pdb
c:\users\jakub\source\repos\jakub_lemiesiewicz_3d_lab\lab\object-oriented_programming\debug\vc142.idb
c:\users\jakub\source\repos\jakub_lemiesiewicz_3d_lab\lab\object-oriented_programming\debug\polygon.obj
c:\users\jakub\source\repos\jakub_lemiesiewicz_3d_lab\lab\object-oriented_programming\debug\main.obj
c:\users\jakub\source\repos\jakub_lemiesiewicz_3d_lab\lab\object-oriented_programming\debug\punkt2.obj
c:\users\jakub\source\repos\jakub_lemiesiewicz_3d_lab\lab\object-oriented_programming\debug\matrix.obj
c:\users\jakub\source\repos\jakub_lemiesiewicz_3d_lab\lab\object-oriented_programming\debug\rgba.obj
c:\users\jakub\source\repos\jakub_lemiesiewicz_3d_lab\lab\object-oriented_programming\debug\mappolygon.obj
c:\users\jakub\source\repos\jakub_lemiesiewicz_3d_lab\lab\object-oriented_programming\debug\map.obj
c:\users\jakub\source\repos\jakub_lemiesiewicz_3d_lab\lab\object-oriented_programming\debug\jakub_lemiesiewicz_3d_lab.pdb
c:\users\jakub\source\repos\jakub_lemiesiewicz_3d_lab\lab\object-oriented_programming\debug\jakub_le.607978eb.tlog\cl.command.1.tlog
c:\users\jakub\source\repos\jakub_lemiesiewicz_3d_lab\lab\object-oriented_programming\debug\jakub_le.607978eb.tlog\cl.read.1.tlog
c:\users\jakub\source\repos\jakub_lemiesiewicz_3d_lab\lab\object-oriented_programming\debug\jakub_le.607978eb.tlog\cl.write.1.tlog
c:\users\jakub\source\repos\jakub_lemiesiewicz_3d_lab\lab\object-oriented_programming\debug\jakub_le.607978eb.tlog\link-cvtres.read.1.tlog
c:\users\jakub\source\repos\jakub_lemiesiewicz_3d_lab\lab\object-oriented_programming\debug\jakub_le.607978eb.tlog\link-cvtres.write.1.tlog
c:\users\jakub\source\repos\jakub_lemiesiewicz_3d_lab\lab\object-oriented_programming\debug\jakub_le.607978eb.tlog\link-rc.read.1.tlog
c:\users\jakub\source\repos\jakub_lemiesiewicz_3d_lab\lab\object-oriented_programming\debug\jakub_le.607978eb.tlog\link-rc.write.1.tlog
c:\users\jakub\source\repos\jakub_lemiesiewicz_3d_lab\lab\object-oriented_programming\debug\jakub_le.607978eb.tlog\link.26064-cvtres.read.1.tlog
c:\users\jakub\source\repos\jakub_lemiesiewicz_3d_lab\lab\object-oriented_programming\debug\jakub_le.607978eb.tlog\link.26064-cvtres.write.1.tlog
c:\users\jakub\source\repos\jakub_lemiesiewicz_3d_lab\lab\object-oriented_programming\debug\jakub_le.607978eb.tlog\link.26064-rc.read.1.tlog
c:\users\jakub\source\repos\jakub_lemiesiewicz_3d_lab\lab\object-oriented_programming\debug\jakub_le.607978eb.tlog\link.26064-rc.write.1.tlog
c:\users\jakub\source\repos\jakub_lemiesiewicz_3d_lab\lab\object-oriented_programming\debug\jakub_le.607978eb.tlog\link.26064.read.1.tlog
c:\users\jakub\source\repos\jakub_lemiesiewicz_3d_lab\lab\object-oriented_programming\debug\jakub_le.607978eb.tlog\link.26064.write.1.tlog
c:\users\jakub\source\repos\jakub_lemiesiewicz_3d_lab\lab\object-oriented_programming\debug\jakub_le.607978eb.tlog\link.command.1.tlog
c:\users\jakub\source\repos\jakub_lemiesiewicz_3d_lab\lab\object-oriented_programming\debug\jakub_le.607978eb.tlog\link.read.1.tlog
c:\users\jakub\source\repos\jakub_lemiesiewicz_3d_lab\lab\object-oriented_programming\debug\jakub_le.607978eb.tlog\link.write.1.tlog
